2023-11-17T11:06:10.548Z [undefined] info: Succcessfully started the server
2023-11-17T11:06:32.351Z [undefined] info: Succcessfully started the server
05- [undefined] info: Succcessfully started the server
05 [undefined] info: Succcessfully started the server
2023-11-17T11:07:08.959Z [undefined] info: Succcessfully started the server
17- [undefined] info: Succcessfully started the server
17-11-2023  [undefined] info: Succcessfully started the server
17-11-2023 16 [undefined] info: Succcessfully started the server
17-11-2023 16:11 [undefined] info: Succcessfully started the server
17-11-2023 16:11: [undefined] info: Succcessfully started the server
17-11-2023 16:11:35 [undefined] info: Succcessfully started the server
22-11-2023 15:11:98 [undefined] info: Succcessfully started the server
22-11-2023 15:11:15 [undefined] info: Succcessfully started the server
22-11-2023 15:11:14 [undefined] info: Succcessfully started the server
22-11-2023 15:11:47 [undefined] info: Succcessfully started the server
22-11-2023 15:11:36 [undefined] info: Succcessfully started the server
22-11-2023 15:11:16 [undefined] info: Succcessfully started the server
22-11-2023 15:11:77 [undefined] info: Succcessfully started the server
22-11-2023 15:11:16 [undefined] info: Succcessfully started the server
22-11-2023 15:11:03 [undefined] info: Succcessfully started the server
22-11-2023 15:11:17 [undefined] info: Succcessfully started the server
22-11-2023 15:11:89 [undefined] error: Something wnet wrong in crud:Create
22-11-2023 16:11:89 [undefined] info: Succcessfully started the server
22-11-2023 16:11:03 [undefined] error: Something wnet wrong in crud:Create
22-11-2023 16:11:03 [undefined] error: Error in Services:createAirplane
22-11-2023 16:11:03 [undefined] error: Error in Controller:Airplane
22-11-2023 16:11:81 [undefined] error: Something wnet wrong in crud:Create
22-11-2023 16:11:82 [undefined] error: Error in Services:createAirplane
22-11-2023 16:11:82 [undefined] error: Error in Controller:Airplane
22-11-2023 16:11:46 [undefined] info: Succcessfully started the server
22-11-2023 16:11:05 [undefined] info: Succcessfully started the server
22-11-2023 16:11:74 [undefined] info: Succcessfully started the server
22-11-2023 16:11:81 [undefined] error: Something wnet wrong in crud:Create
22-11-2023 16:11:81 [undefined] error: Error in Services:createAirplane
22-11-2023 16:11:81 [undefined] error: Error in Controller:Airplane
22-11-2023 16:11:50 [undefined] error: Something wnet wrong in crud:Create
22-11-2023 16:11:50 [undefined] error: Error in Services:createAirplane
22-11-2023 16:11:50 [undefined] error: Error in Controller:Airplane
22-11-2023 16:11:71 [undefined] info: Succcessfully started the server
22-11-2023 16:11:95 [undefined] info: Succcessfully started the server
22-11-2023 16:11:60 [undefined] info: Succcessfully started the server
22-11-2023 16:11:39 [undefined] error: Something wnet wrong in crud:Create
22-11-2023 16:11:39 [undefined] error: Error in Services:createAirplane
22-11-2023 16:11:39 [undefined] error: Error in Controller:Airplane
22-11-2023 16:11:90 [undefined] info: Succcessfully started the server
22-11-2023 16:11:24 [undefined] info: Succcessfully started the server
22-11-2023 16:11:94 [undefined] error: Something wnet wrong in crud:Create
22-11-2023 16:11:94 [undefined] error: Error in Services:createAirplane
22-11-2023 16:11:94 [undefined] error: Error in Controller:Airplane
22-11-2023 16:11:29 [undefined] error: Something wnet wrong in crud:Create
22-11-2023 16:11:29 [undefined] error: Error in Services:createAirplane
22-11-2023 16:11:29 [undefined] error: Error in Controller:Airplane
22-11-2023 16:11:07 [undefined] info: Succcessfully started the server
22-11-2023 16:11:60 [undefined] info: Succcessfully started the server
22-11-2023 16:11:95 [undefined] info: Succcessfully started the server
22-11-2023 16:11:38 [undefined] info: Succcessfully started the server
22-11-2023 16:11:89 [undefined] info: Succcessfully started the server
22-11-2023 16:11:65 [undefined] info: Succcessfully started the server
22-11-2023 16:11:07 [undefined] info: Succcessfully started the server
22-11-2023 16:11:93 [undefined] error: Something wnet wrong in crud:Create
22-11-2023 16:11:93 [undefined] error: Error in Services:createAirplane
22-11-2023 16:11:93 [undefined] error: Error in Controller:Airplane
22-11-2023 16:11:16 [undefined] info: Succcessfully started the server
22-11-2023 16:11:04 [undefined] info: Succcessfully started the server
22-11-2023 16:11:17 [undefined] info: Succcessfully started the server
22-11-2023 16:11:46 [undefined] info: Succcessfully started the server
22-11-2023 16:11:01 [undefined] info: Succcessfully started the server
22-11-2023 16:11:78 [undefined] error: Error in Controller:Airplane
22-11-2023 16:11:96 [undefined] info: Succcessfully started the server
22-11-2023 16:11:08 [undefined] info: Succcessfully started the server
22-11-2023 16:11:74 [undefined] info: Succcessfully started the server
22-11-2023 16:11:42 [undefined] info: Succcessfully started the server
22-11-2023 16:11:96 [undefined] info: Succcessfully started the server
22-11-2023 16:11:99 [undefined] error: Error in Controller:Airplane
22-11-2023 16:11:56 [undefined] info: Succcessfully started the server
22-11-2023 17:11:93 [undefined] info: Succcessfully started the server
22-11-2023 17:11:47 [undefined] info: Succcessfully started the server
22-11-2023 17:11:28 [undefined] info: Succcessfully started the server
22-11-2023 17:11:38 [undefined] info: Succcessfully started the server
22-11-2023 17:11:93 [undefined] info: Succcessfully started the server
22-11-2023 17:11:91 [undefined] info: Succcessfully started the server
22-11-2023 17:11:88 [undefined] info: Succcessfully started the server
22-11-2023 17:11:38 [undefined] info: Succcessfully started the server
22-11-2023 17:11:53 [undefined] info: Succcessfully started the server
23-11-2023 09:11:97 [undefined] info: Succcessfully started the server
23-11-2023 09:11:17 [undefined] info: Succcessfully started the server
23-11-2023 09:11:49 [undefined] error: Error in Services:createAirplane
23-11-2023 16:11:92 [undefined] info: Succcessfully started the server
23-11-2023 16:11:84 [undefined] error: Something wnet wrong in crud:Create
23-11-2023 16:11:84 [undefined] error: Error in Services:createAirplane
23-11-2023 16:11:45 [undefined] info: Succcessfully started the server
23-11-2023 16:11:38 [undefined] info: Succcessfully started the server
23-11-2023 16:11:53 [undefined] info: Succcessfully started the server
23-11-2023 16:11:03 [undefined] error: Something wnet wrong in crud:Create
23-11-2023 16:11:03 [undefined] error: Error in Services:createAirplane
23-11-2023 16:11:03 [undefined] error: Error in Controller:Airplane
23-11-2023 16:11:40 [undefined] info: Succcessfully started the server
23-11-2023 16:11:08 [undefined] info: Succcessfully started the server
23-11-2023 16:11:44 [undefined] error: Something wnet wrong in crud:Create
23-11-2023 16:11:44 [undefined] error: Error in Services:createAirplane
23-11-2023 16:11:44 [undefined] error: Error in Controller:Airplane
23-11-2023 16:11:94 [undefined] info: Succcessfully started the server
23-11-2023 16:11:44 [undefined] error: Error in Services:createAirplane
23-11-2023 16:11:44 [undefined] error: Error in Controller:Airplane
23-11-2023 16:11:65 [undefined] info: Succcessfully started the server
23-11-2023 16:11:76 [undefined] info: Succcessfully started the server
23-11-2023 16:11:73 [undefined] info: Succcessfully started the server
23-11-2023 16:11:76 [undefined] info: Succcessfully started the server
23-11-2023 16:11:100 [undefined] info: Succcessfully started the server
23-11-2023 16:11:17 [undefined] error: Error in Services:createAirplane
23-11-2023 16:11:18 [undefined] error: Error in Controller:Airplane
23-11-2023 16:11:83 [undefined] info: Succcessfully started the server
23-11-2023 16:11:67 [undefined] info: Succcessfully started the server
23-11-2023 16:11:69 [undefined] info: Succcessfully started the server
23-11-2023 16:11:59 [undefined] info: Succcessfully started the server
23-11-2023 16:11:59 [undefined] info: Succcessfully started the server
23-11-2023 16:11:56 [undefined] info: Succcessfully started the server
23-11-2023 16:11:54 [undefined] info: Succcessfully started the server
23-11-2023 16:11:66 [undefined] info: Succcessfully started the server
23-11-2023 16:11:36 [undefined] info: Succcessfully started the server
23-11-2023 16:11:39 [undefined] info: Succcessfully started the server
23-11-2023 16:11:33 [undefined] info: Succcessfully started the server
23-11-2023 16:11:88 [undefined] info: Succcessfully started the server
23-11-2023 16:11:76 [undefined] info: Succcessfully started the server
23-11-2023 16:11:97 [undefined] info: Succcessfully started the server
23-11-2023 16:11:25 [undefined] info: Succcessfully started the server
23-11-2023 16:11:09 [undefined] info: Succcessfully started the server
23-11-2023 16:11:50 [undefined] info: Succcessfully started the server
23-11-2023 16:11:67 [undefined] info: Succcessfully started the server
23-11-2023 16:11:87 [undefined] info: Succcessfully started the server
23-11-2023 16:11:10 [undefined] info: Succcessfully started the server
23-11-2023 16:11:52 [undefined] info: Succcessfully started the server
23-11-2023 16:11:19 [undefined] info: Succcessfully started the server
23-11-2023 16:11:83 [undefined] info: Succcessfully started the server
23-11-2023 17:11:54 [undefined] info: Succcessfully started the server
23-11-2023 17:11:86 [undefined] info: Succcessfully started the server
23-11-2023 17:11:45 [undefined] info: Succcessfully started the server
23-11-2023 17:11:07 [undefined] info: Succcessfully started the server
23-11-2023 17:11:13 [undefined] info: Succcessfully started the server
23-11-2023 17:11:50 [undefined] info: Succcessfully started the server
23-11-2023 17:11:96 [undefined] info: Succcessfully started the server
23-11-2023 17:11:11 [undefined] info: Succcessfully started the server
23-11-2023 17:11:63 [undefined] info: Succcessfully started the server
26-11-2023 10:11:19 [undefined] info: Succcessfully started the server
26-11-2023 10:11:68 [undefined] error: Something wnet wrong in crud:Create
26-11-2023 10:11:68 [undefined] error: Error in Services:createAirplane
26-11-2023 10:11:68 [undefined] error: Error in Controller:Airplane
26-11-2023 10:11:64 [undefined] info: Succcessfully started the server
26-11-2023 10:11:67 [undefined] error: Something wnet wrong in crud:Create
26-11-2023 10:11:67 [undefined] error: Error in Services:createAirplane
26-11-2023 10:11:67 [undefined] error: Error in Controller:Airplane
26-11-2023 10:11:34 [undefined] info: Succcessfully started the server
26-11-2023 10:11:61 [undefined] info: Succcessfully started the server
26-11-2023 10:11:44 [undefined] info: Succcessfully started the server
26-11-2023 10:11:88 [undefined] info: Succcessfully started the server
26-11-2023 10:11:99 [undefined] error: Something wnet wrong in crud:Create
26-11-2023 10:11:99 [undefined] error: Error in Services:createAirplane
26-11-2023 10:11:99 [undefined] error: Error in Controller:Airplane
26-11-2023 10:11:12 [undefined] info: Succcessfully started the server
26-11-2023 10:11:32 [undefined] info: Succcessfully started the server
26-11-2023 10:11:24 [undefined] info: Succcessfully started the server
26-11-2023 10:11:93 [undefined] info: Succcessfully started the server
26-11-2023 10:11:24 [undefined] info: Succcessfully started the server
26-11-2023 10:11:94 [undefined] info: Succcessfully started the server
26-11-2023 10:11:48 [undefined] info: Succcessfully started the server
26-11-2023 10:11:42 [undefined] info: Succcessfully started the server
26-11-2023 10:11:01 [undefined] error: Something wnet wrong in crud:Create
26-11-2023 10:11:01 [undefined] error: Error in Services:createAirplane
26-11-2023 10:11:01 [undefined] error: Error in Controller:Airplane
26-11-2023 10:11:27 [undefined] info: Succcessfully started the server
26-11-2023 10:11:62 [undefined] error: Something wnet wrong in crud:Create
26-11-2023 10:11:62 [undefined] error: Error in Services:createAirplane
26-11-2023 10:11:62 [undefined] error: Error in Controller:Airplane Something Went Wrong
26-11-2023 10:11:61 [undefined] info: Succcessfully started the server
26-11-2023 10:11:68 [undefined] info: Succcessfully started the server
26-11-2023 10:11:27 [undefined] error: Something wnet wrong in crud:Create
26-11-2023 10:11:28 [undefined] error: Error in Services:createAirplane
26-11-2023 10:11:28 [undefined] error: Error in Controller:Airplane Something Went Wrong
26-11-2023 10:11:05 [undefined] info: Succcessfully started the server
26-11-2023 10:11:44 [undefined] info: Succcessfully started the server
26-11-2023 10:11:57 [undefined] error: Something wnet wrong in crud:Create
26-11-2023 10:11:58 [undefined] error: Error in Controller:Airplane Something Went Wrong
26-11-2023 10:11:85 [undefined] info: Succcessfully started the server
26-11-2023 10:11:85 [undefined] info: Succcessfully started the server
26-11-2023 10:11:08 [undefined] error: Something wnet wrong in crud:Create
26-11-2023 10:11:08 [undefined] error: Error in Controller:Airplane Something Went Wrong
26-11-2023 10:11:71 [undefined] info: Succcessfully started the server
26-11-2023 10:11:63 [undefined] error: Something wnet wrong in crud:Create
26-11-2023 10:11:63 [undefined] error: Error in Controller:Airplane Something Went Wrong
26-11-2023 10:11:78 [undefined] info: Succcessfully started the server
26-11-2023 10:11:41 [undefined] info: Succcessfully started the server
26-11-2023 10:11:84 [undefined] info: Succcessfully started the server
26-11-2023 10:11:38 [undefined] info: Succcessfully started the server
26-11-2023 10:11:86 [undefined] error: Something wnet wrong in crud:Create
26-11-2023 10:11:86 [undefined] error: Error in Controller:Airplane Something Went Wrong
26-11-2023 10:11:93 [undefined] info: Succcessfully started the server
26-11-2023 10:11:05 [undefined] info: Succcessfully started the server
26-11-2023 10:11:15 [undefined] info: Succcessfully started the server
26-11-2023 10:11:88 [undefined] error: Something wnet wrong in crud:Create
26-11-2023 10:11:88 [undefined] error: Error in Services:createAirplane
26-11-2023 10:11:88 [undefined] error: Error in Controller:Airplane Something Went Wrong
26-11-2023 10:11:75 [undefined] error: Something wnet wrong in crud:Create
26-11-2023 10:11:75 [undefined] error: Error in Services:createAirplane
26-11-2023 10:11:75 [undefined] error: Error in Controller:Airplane Something Went Wrong
26-11-2023 10:11:14 [undefined] info: Succcessfully started the server
26-11-2023 10:11:76 [undefined] info: Succcessfully started the server
26-11-2023 10:11:11 [undefined] info: Succcessfully started the server
26-11-2023 10:11:91 [undefined] info: Succcessfully started the server
26-11-2023 10:11:15 [undefined] info: Succcessfully started the server
26-11-2023 10:11:91 [undefined] info: Succcessfully started the server
26-11-2023 10:11:18 [undefined] info: Succcessfully started the server
26-11-2023 10:11:45 [undefined] info: Succcessfully started the server
26-11-2023 10:11:43 [undefined] error: Something wnet wrong in crud:Create
26-11-2023 10:11:43 [undefined] error: Error in Controller:Airplane Something Went Wrong
26-11-2023 10:11:23 [undefined] info: Succcessfully started the server
26-11-2023 10:11:59 [undefined] error: Something wnet wrong in crud:Create
26-11-2023 10:11:59 [undefined] error: Error in Services:createAirplane
26-11-2023 10:11:59 [undefined] error: Error in Controller:Airplane Something Went Wrong
26-11-2023 10:11:10 [undefined] info: Succcessfully started the server
26-11-2023 10:11:00 [undefined] error: Something wnet wrong in crud:Create
26-11-2023 10:11:00 [undefined] error: Error in Services:createAirplane
26-11-2023 10:11:00 [undefined] error: Error in Controller:Airplane Something Went Wrong
26-11-2023 10:11:67 [undefined] info: Succcessfully started the server
26-11-2023 10:11:84 [undefined] info: Succcessfully started the server
26-11-2023 10:11:37 [undefined] info: Succcessfully started the server
26-11-2023 10:11:01 [undefined] info: Succcessfully started the server
26-11-2023 10:11:28 [undefined] error: Something wnet wrong in crud:Create
26-11-2023 10:11:65 [undefined] info: Succcessfully started the server
26-11-2023 10:11:13 [undefined] error: Something wnet wrong in crud:Create
26-11-2023 10:11:13 [undefined] error: Error in Services:createAirplane
26-11-2023 10:11:13 [undefined] error: Error in Controller:Airplane Something Went Wrong
26-11-2023 10:11:07 [undefined] info: Succcessfully started the server
26-11-2023 10:11:44 [undefined] info: Succcessfully started the server
26-11-2023 10:11:50 [undefined] info: Succcessfully started the server
26-11-2023 10:11:99 [undefined] error: Something wnet wrong in crud:Create
26-11-2023 10:11:99 [undefined] error: Error in Controller:Airplane Something Went Wrong
26-11-2023 10:11:07 [undefined] info: Succcessfully started the server
26-11-2023 10:11:54 [undefined] error: Something wnet wrong in crud:Create
26-11-2023 10:11:54 [undefined] error: Error in Controller:Airplane Something Went Wrong
26-11-2023 10:11:57 [undefined] info: Succcessfully started the server
26-11-2023 10:11:36 [undefined] error: Something wnet wrong in crud:Create
26-11-2023 10:11:36 [undefined] error: Error in Controller:Airplane Something Went Wrong
26-11-2023 10:11:91 [undefined] info: Succcessfully started the server
26-11-2023 10:11:69 [undefined] info: Succcessfully started the server
26-11-2023 10:11:85 [undefined] info: Succcessfully started the server
26-11-2023 10:11:78 [undefined] error: Something wnet wrong in crud:Create
26-11-2023 10:11:79 [undefined] error: Error in Controller:Airplane Something Went Wrong
26-11-2023 10:11:11 [undefined] info: Succcessfully started the server
26-11-2023 10:11:54 [undefined] info: Succcessfully started the server
26-11-2023 10:11:49 [undefined] info: Succcessfully started the server
26-11-2023 10:11:47 [undefined] error: Something wnet wrong in crud:Create
26-11-2023 10:11:47 [undefined] error: Error in Services:createAirplane
26-11-2023 10:11:47 [undefined] error: Error in Controller:Airplane Something Went Wrong
26-11-2023 10:11:70 [undefined] info: Succcessfully started the server
26-11-2023 10:11:73 [undefined] error: Something wnet wrong in crud:Create
26-11-2023 10:11:73 [undefined] error: Error in Services:createAirplane
26-11-2023 10:11:73 [undefined] error: Error in Controller:Airplane Something Went Wrong
26-11-2023 10:11:77 [undefined] info: Succcessfully started the server
26-11-2023 10:11:55 [undefined] info: Succcessfully started the server
26-11-2023 10:11:57 [undefined] error: Something wnet wrong in crud:Create
26-11-2023 10:11:57 [undefined] error: Error in Services:createAirplane
26-11-2023 10:11:57 [undefined] error: Error in Controller:Airplane Something Went Wrong
26-11-2023 10:11:27 [undefined] info: Succcessfully started the server
26-11-2023 10:11:77 [undefined] info: Succcessfully started the server
26-11-2023 10:11:51 [undefined] info: Succcessfully started the server
26-11-2023 10:11:01 [undefined] info: Succcessfully started the server
26-11-2023 10:11:57 [undefined] error: Something wnet wrong in crud:Create
26-11-2023 10:11:57 [undefined] error: Error in Services:createAirplane
26-11-2023 10:11:58 [undefined] error: Error in Controller:Airplane Something Went Wrong
26-11-2023 10:11:99 [undefined] info: Succcessfully started the server
26-11-2023 10:11:45 [undefined] info: Succcessfully started the server
26-11-2023 10:11:12 [undefined] info: Succcessfully started the server
26-11-2023 10:11:29 [undefined] error: Something wnet wrong in crud:Create
26-11-2023 10:11:29 [undefined] error: Error in Services:createAirplane
26-11-2023 10:11:29 [undefined] error: Error in Controller:Airplane Something Went Wrong
26-11-2023 10:11:28 [undefined] info: Succcessfully started the server
26-11-2023 10:11:49 [undefined] info: Succcessfully started the server
26-11-2023 10:11:32 [undefined] error: Something wnet wrong in crud:Create
26-11-2023 10:11:32 [undefined] error: Error in Services:createAirplane
26-11-2023 10:11:32 [undefined] error: Error in Controller:Airplane Something Went Wrong
26-11-2023 10:11:42 [undefined] info: Succcessfully started the server
26-11-2023 10:11:28 [undefined] info: Succcessfully started the server
26-11-2023 10:11:11 [undefined] info: Succcessfully started the server
26-11-2023 10:11:65 [undefined] info: Succcessfully started the server
26-11-2023 10:11:20 [undefined] info: Succcessfully started the server
26-11-2023 10:11:94 [undefined] error: Something wnet wrong in crud:Create
26-11-2023 10:11:95 [undefined] error: Error in Services:createAirplane
26-11-2023 10:11:95 [undefined] error: Error in Controller:Airplane Something Went Wrong
26-11-2023 10:11:37 [undefined] info: Succcessfully started the server
26-11-2023 10:11:79 [undefined] error: Something wnet wrong in crud:Create
26-11-2023 10:11:79 [undefined] error: Error in Services:createAirplane
26-11-2023 10:11:79 [undefined] error: Error in Controller:Airplane Something Went Wrong
26-11-2023 10:11:61 [undefined] info: Succcessfully started the server
26-11-2023 10:11:42 [undefined] info: Succcessfully started the server
26-11-2023 11:11:09 [undefined] info: Succcessfully started the server
26-11-2023 11:11:45 [undefined] error: Something wnet wrong in crud:Create
26-11-2023 11:11:45 [undefined] error: Error in Services:createAirplane
26-11-2023 11:11:46 [undefined] error: Error in Controller:Airplane Something Went Wrong
26-11-2023 11:11:92 [undefined] info: Succcessfully started the server
26-11-2023 11:11:14 [undefined] info: Succcessfully started the server
26-11-2023 11:11:05 [undefined] error: Something wnet wrong in crud:Create
26-11-2023 11:11:05 [undefined] error: Error in Services:createAirplane
26-11-2023 11:11:05 [undefined] error: Error in Controller:Airplane Something Went Wrong
26-11-2023 21:11:94 [undefined] info: Succcessfully started the server
26-11-2023 21:11:53 [undefined] info: Succcessfully started the server
26-11-2023 21:11:86 [undefined] info: Succcessfully started the server
26-11-2023 21:11:78 [undefined] info: Succcessfully started the server
26-11-2023 21:11:08 [undefined] info: Succcessfully started the server
26-11-2023 21:11:37 [undefined] info: Succcessfully started the server
26-11-2023 21:11:26 [undefined] info: Succcessfully started the server
26-11-2023 21:11:33 [undefined] info: Succcessfully started the server
26-11-2023 21:11:15 [undefined] info: Succcessfully started the server
